#
# A fatal error has been detected by the Java Runtime Environment:
#
#  SIGSEGV (0xb) at pc=0x00007fff7256fbd0, pid=80223, tid=0x0000000000006303
#
# JRE version: Java(TM) SE Runtime Environment (8.0_211-b12) (build 1.8.0_211-b12)
# Java VM: Java HotSpot(TM) 64-Bit Server VM (25.211-b12 mixed mode bsd-amd64 compressed oops)
# Problematic frame:
# C  [libsystem_pthread.dylib+0x5bd0]  pthread_kill+0xfb
#
# Failed to write core dump. Core dumps have been disabled. To enable core dumping, try "ulimit -c unlimited" before starting Java again
#
# If you would like to submit a bug report, please visit:
#   http://bugreport.java.com/bugreport/crash.jsp
# The crash happened outside the Java Virtual Machine in native code.
# See problematic frame for where to report the bug.
#

---------------  T H R E A D  ---------------

Current thread (0x00007ff77c849000):  JavaThread "JettyShutdownThread" [_thread_in_native, id=25347, stack(0x0000700009dea000,0x0000700009eea000)]

siginfo: si_signo: 11 (SIGSEGV), si_code: 1 (SEGV_MAPERR), si_addr: 0x0000700009be1046

Registers:
RAX=0x0000000000000000, RBX=0x0000700009be1000, RCX=0x00007fff724b09f6, RDX=0x0000000000000000
RSP=0x0000700009ee9500, RBP=0x0000700009ee9530, RSI=0x00007fffa8c1e328, RDI=0x0000000001000002
R8 =0x00007ff777d00000, R9 =0x0200404008000404, R10=0x0000000000000000, R11=0x0000000000000246
R12=0x0000000000006103, R13=0x0000000000000000, R14=0x0000000000000017, R15=0x0000000000000003
RIP=0x00007fff7256fbd0, EFLAGS=0x0000000000010206, ERR=0x0000000000000004
  TRAPNO=0x000000000000000e

Top of Stack: (sp=0x0000700009ee9500)
0x0000700009ee9500:   0000000107347eaf 00007ff77c8491f8
0x0000700009ee9510:   0000000000000000 000000011ce6af58
0x0000700009ee9520:   0000700009ee95d8 00007ff77c849000
0x0000700009ee9530:   0000700009ee9550 0000000107347ec8
0x0000700009ee9540:   0000700009ee95b0 000000011ce6af58
0x0000700009ee9550:   0000700009ee95b0 0000000107b6b667
0x0000700009ee9560:   0000000107b5b2bd 0000000107b6b382
0x0000700009ee9570:   0000700009ee9570 000000011ce6af58
0x0000700009ee9580:   0000700009ee95d8 000000011ce6b0f0
0x0000700009ee9590:   0000000000000000 000000011ce6af58
0x0000700009ee95a0:   0000000000000000 0000700009ee95d0
0x0000700009ee95b0:   0000700009ee9630 0000000107b5b2bd
0x0000700009ee95c0:   000000079e3cd2b0 0000000107b64d18
0x0000700009ee95d0:   0000700009be1000 0000000799810930
0x0000700009ee95e0:   0000000000000001 00000007998144a8
0x0000700009ee95f0:   0000700009ee95e0 000000011b22fd95
0x0000700009ee9600:   0000700009ee9660 000000011b2309b8
0x0000700009ee9610:   0000000000000000 000000011b22fdd8
0x0000700009ee9620:   0000700009ee95d0 0000700009ee9660
0x0000700009ee9630:   0000700009ee96a8 0000000107b5b2bd
0x0000700009ee9640:   0000000000000000 0000700009be1000
0x0000700009ee9650:   0000000000000000 00000007998144a8
0x0000700009ee9660:   0000000799814408 0000700009ee9668
0x0000700009ee9670:   000000011c0fec79 0000700009ee96e0
0x0000700009ee9680:   000000011b229298 0000000000000000
0x0000700009ee9690:   000000011c0fece8 0000700009ee9660
0x0000700009ee96a0:   0000700009ee96e0 0000700009ee9738
0x0000700009ee96b0:   0000000107b5b2bd 0000000000000000
0x0000700009ee96c0:   0000000000000000 0000000000000000
0x0000700009ee96d0:   0000000000000000 0000000000000000
0x0000700009ee96e0:   0000000799814408 0000000000000001
0x0000700009ee96f0:   0000000799814468 0000700009ee96e8 

Instructions: (pc=0x00007fff7256fbd0)
0x00007fff7256fbb0:   65 8b 04 25 18 00 00 00 31 c9 f0 0f b1 0d 66 e7
0x00007fff7256fbc0:   6a 36 74 0c 48 8d 3d 5d e7 6a 36 e8 96 30 00 00
0x00007fff7256fbd0:   0f b7 43 46 25 00 0c 00 00 41 bf 2d 00 00 00 3d
0x00007fff7256fbe0:   00 04 00 00 74 3d 44 89 e7 44 89 f6 e8 79 2f 00 

Register to memory mapping:

RAX=0x0000000000000000 is an unknown value
RBX=0x0000700009be1000 is an unknown value
RCX=0x00007fff724b09f6: __ulock_wake+0xa in /usr/lib/system/libsystem_kernel.dylib at 0x00007fff724ad000
RDX=0x0000000000000000 is an unknown value
RSP=0x0000700009ee9500 is pointing into the stack for thread: 0x00007ff77c849000
RBP=0x0000700009ee9530 is pointing into the stack for thread: 0x00007ff77c849000
RSI=0x00007fffa8c1e328: _pthread_list_lock+0 in /usr/lib/system/libsystem_pthread.dylib at 0x00007fff7256a000
RDI=0x0000000001000002 is an unknown value
R8 =0x00007ff777d00000 is an unknown value
R9 =0x0200404008000404 is an unknown value
R10=0x0000000000000000 is an unknown value
R11=0x0000000000000246 is an unknown value
R12=0x0000000000006103 is an unknown value
R13=0x0000000000000000 is an unknown value
R14=0x0000000000000017 is an unknown value
R15=0x0000000000000003 is an unknown value


Stack: [0x0000700009dea000,0x0000700009eea000],  sp=0x0000700009ee9500,  free space=1021k
Native frames: (J=compiled Java code, j=interpreted, Vv=VM code, C=native code)
C  [libsystem_pthread.dylib+0x5bd0]  pthread_kill+0xfb
C  [libnio.dylib+0x2ec8]  Java_sun_nio_ch_NativeThread_signal+0x19
j  sun.nio.ch.NativeThread.signal(J)V+0
j  sun.nio.ch.ServerSocketChannelImpl.implCloseSelectableChannel()V+37
j  java.nio.channels.spi.AbstractSelectableChannel.implCloseChannel()V+1
j  java.nio.channels.spi.AbstractInterruptibleChannel.close()V+23
j  org.eclipse.jetty.server.ServerConnector.close()V+32
j  org.eclipse.jetty.server.AbstractNetworkConnector.shutdown()Ljava/util/concurrent/Future;+1
j  org.eclipse.jetty.server.Server.doStop()V+89
j  org.eclipse.jetty.util.component.AbstractLifeCycle.stop()V+30
j  org.eclipse.jetty.util.thread.ShutdownThread.run()V+41
v  ~StubRoutines::call_stub
V  [libjvm.dylib+0x2f0d1e]
V  [libjvm.dylib+0x2f14c2]
V  [libjvm.dylib+0x2f166e]
V  [libjvm.dylib+0x34bf5d]
V  [libjvm.dylib+0x570b93]
V  [libjvm.dylib+0x57228e]
V  [libjvm.dylib+0x48f30a]
C  [libsystem_pthread.dylib+0x32eb]  _pthread_body+0x7e
C  [libsystem_pthread.dylib+0x6249]  _pthread_start+0x42
C  [libsystem_pthread.dylib+0x240d]  thread_start+0xd
C  0x0000000000000000

Java frames: (J=compiled Java code, j=interpreted, Vv=VM code)
j  sun.nio.ch.NativeThread.signal(J)V+0
j  sun.nio.ch.ServerSocketChannelImpl.implCloseSelectableChannel()V+37
j  java.nio.channels.spi.AbstractSelectableChannel.implCloseChannel()V+1
j  java.nio.channels.spi.AbstractInterruptibleChannel.close()V+23
j  org.eclipse.jetty.server.ServerConnector.close()V+32
j  org.eclipse.jetty.server.AbstractNetworkConnector.shutdown()Ljava/util/concurrent/Future;+1
j  org.eclipse.jetty.server.Server.doStop()V+89
j  org.eclipse.jetty.util.component.AbstractLifeCycle.stop()V+30
j  org.eclipse.jetty.util.thread.ShutdownThread.run()V+41
v  ~StubRoutines::call_stub

---------------  P R O C E S S  ---------------

Java Threads: ( => current thread )
=>0x00007ff77c849000 JavaThread "JettyShutdownThread" [_thread_in_native, id=25347, stack(0x0000700009dea000,0x0000700009eea000)]
  0x00007ff77bbf5000 JavaThread "SIGTERM handler" daemon [_thread_blocked, id=17415, stack(0x0000700009ce7000,0x0000700009de7000)]
  0x00007ff77cadc000 JavaThread "Scheduler-323981046-1" [_thread_blocked, id=20231, stack(0x0000700009be4000,0x0000700009ce4000)]
  0x00007ff77d014000 JavaThread "DestroyJavaVM" [_thread_blocked, id=2563, stack(0x0000700007ee2000,0x0000700007fe2000)]
  0x00007ff77d026800 JavaThread "dw-admin-24" [_thread_in_native, id=24323, stack(0x00007000099de000,0x0000700009ade000)]
  0x00007ff77c7a2800 JavaThread "dw-admin-23" [_thread_in_native, id=23811, stack(0x00007000098db000,0x00007000099db000)]
  0x00007ff77bc76800 JavaThread "dw-21" [_thread_blocked, id=42243, stack(0x00007000097d8000,0x00007000098d8000)]
  0x00007ff77bb73000 JavaThread "dw-20" [_thread_blocked, id=42499, stack(0x00007000096d5000,0x00007000097d5000)]
  0x00007ff77bb72000 JavaThread "dw-19" [_thread_blocked, id=23299, stack(0x00007000095d2000,0x00007000096d2000)]
  0x00007ff77bc5f800 JavaThread "dw-18" [_thread_in_native, id=43011, stack(0x00007000094cf000,0x00007000095cf000)]
  0x00007ff77bc50000 JavaThread "dw-17" [_thread_in_native, id=22531, stack(0x00007000093cc000,0x00007000094cc000)]
  0x00007ff779879800 JavaThread "dw-16" [_thread_blocked, id=22275, stack(0x00007000092c9000,0x00007000093c9000)]
  0x00007ff77ca8a000 JavaThread "dw-15" [_thread_blocked, id=21763, stack(0x00007000091c6000,0x00007000092c6000)]
  0x00007ff77bc3c800 JavaThread "dw-14" [_thread_blocked, id=16643, stack(0x00007000090c3000,0x00007000091c3000)]
  0x00007ff77c79c800 JavaThread "AsyncAppender-Worker-async-console-appender" daemon [_thread_blocked, id=15875, stack(0x0000700008fc0000,0x00007000090c0000)]
  0x00007ff7788db000 JavaThread "Tomcat JDBC Pool Cleaner[705927765:1592502978045]" daemon [_thread_blocked, id=15619, stack(0x0000700008ebd000,0x0000700008fbd000)]
  0x00007ff7785e9800 JavaThread "AsyncAppender-Worker-async-console-appender" daemon [_thread_blocked, id=17155, stack(0x0000700008dba000,0x0000700008eba000)]
  0x00007ff778808000 JavaThread "Service Thread" daemon [_thread_blocked, id=14595, stack(0x0000700008b89000,0x0000700008c89000)]
  0x00007ff778024800 JavaThread "C1 CompilerThread2" daemon [_thread_blocked, id=18435, stack(0x0000700008a86000,0x0000700008b86000)]
  0x00007ff779815000 JavaThread "C2 CompilerThread1" daemon [_thread_blocked, id=18691, stack(0x0000700008983000,0x0000700008a83000)]
  0x00007ff779021800 JavaThread "C2 CompilerThread0" daemon [_thread_blocked, id=13827, stack(0x0000700008880000,0x0000700008980000)]
  0x00007ff778023800 JavaThread "Signal Dispatcher" daemon [_thread_blocked, id=19203, stack(0x000070000877d000,0x000070000887d000)]
  0x00007ff778015000 JavaThread "Finalizer" daemon [_thread_blocked, id=12547, stack(0x000070000867a000,0x000070000877a000)]
  0x00007ff779015800 JavaThread "Reference Handler" daemon [_thread_blocked, id=12035, stack(0x0000700008577000,0x0000700008677000)]

Other Threads:
  0x00007ff779011000 VMThread [stack: 0x0000700008474000,0x0000700008574000] [id=21251]
  0x00007ff779022800 WatcherThread [stack: 0x0000700008c8c000,0x0000700008d8c000] [id=17923]

VM state:not at safepoint (normal execution)

VM Mutex/Monitor currently owned by a thread: None

heap address: 0x0000000740000000, size: 2048 MB, Compressed Oops mode: Zero based, Oop shift amount: 3
Narrow klass base: 0x0000000000000000, Narrow klass shift: 3
Compressed class space size: 1073741824 Address: 0x00000007c0000000

Heap:
 PSYoungGen      total 259584K, used 221292K [0x0000000795580000, 0x00000007a6080000, 0x00000007c0000000)
  eden space 251904K, 87% used [0x0000000795580000,0x00000007a2d9b268,0x00000007a4b80000)
  from space 7680K, 0% used [0x00000007a5900000,0x00000007a5900000,0x00000007a6080000)
  to   space 10752K, 0% used [0x00000007a4b80000,0x00000007a4b80000,0x00000007a5600000)
 ParOldGen       total 57344K, used 10785K [0x0000000740000000, 0x0000000743800000, 0x0000000795580000)
  object space 57344K, 18% used [0x0000000740000000,0x0000000740a88770,0x0000000743800000)
 Metaspace       used 49108K, capacity 50568K, committed 50648K, reserved 1093632K
  class space    used 6844K, capacity 7141K, committed 7168K, reserved 1048576K

Card table byte_map: [0x0000000104c00000,0x0000000105001000] byte_map_base: 0x0000000101200000

Marking Bits: (ParMarkBitMap*) 0x00000001038bfe40
 Begin Bits: [0x0000000116b53000, 0x0000000118b53000)
 End Bits:   [0x0000000118b53000, 0x000000011ab53000)

Polling page: 0x0000000103fc1000

CodeCache: size=245760Kb used=10634Kb max_used=10634Kb free=235125Kb
 bounds [0x0000000107b53000, 0x00000001085c3000, 0x0000000116b53000]
 total_blobs=3944 nmethods=3374 adapters=483
 compilation: enabled

Compilation events (10 events):
Event: 127.333 Thread 0x00007ff778024800 3405       3       org.postgresql.jdbc.PgStatement$StatementResultHandler::append (29 bytes)
Event: 127.333 Thread 0x00007ff778024800 nmethod 3405 0x00000001085b8850 code [0x00000001085b89e0, 0x00000001085b8d10]
Event: 132.313 Thread 0x00007ff778024800 3406       3       org.apache.tomcat.jdbc.pool.FairBlockingQueue$FairIterator::next (40 bytes)
Event: 132.314 Thread 0x00007ff778024800 nmethod 3406 0x00000001085b8e90 code [0x00000001085b9020, 0x00000001085b9388]
Event: 132.314 Thread 0x00007ff778024800 3407   !   3       java.util.concurrent.LinkedBlockingQueue::contains (66 bytes)
Event: 132.315 Thread 0x00007ff778024800 nmethod 3407 0x00000001085b9510 code [0x00000001085b97a0, 0x00000001085baa88]
Event: 149.475 Thread 0x00007ff778024800 3408       3       java.util.concurrent.SynchronousQueue$TransferStack::shouldSpin (30 bytes)
Event: 149.476 Thread 0x00007ff778024800 nmethod 3408 0x00000001085bb450 code [0x00000001085bb5c0, 0x00000001085bb8b0]
Event: 157.328 Thread 0x00007ff778024800 3409       3       org.postgresql.core.v3.QueryExecutorImpl::processDeadParsedQueries (37 bytes)
Event: 157.329 Thread 0x00007ff778024800 nmethod 3409 0x00000001085bb990 code [0x00000001085bbb60, 0x00000001085bc338]

GC Heap History (10 events):
Event: 1.703 GC heap before
{Heap before GC invocations=6 (full 0):
 PSYoungGen      total 71680K, used 6395K [0x0000000795580000, 0x000000079e980000, 0x00000007c0000000)
  eden space 66560K, 1% used [0x0000000795580000,0x00000007956c6c60,0x0000000799680000)
  from space 5120K, 99% used [0x0000000799680000,0x0000000799b78208,0x0000000799b80000)
  to   space 9216K, 0% used [0x000000079e080000,0x000000079e080000,0x000000079e980000)
 ParOldGen       total 87552K, used 4472K [0x0000000740000000, 0x0000000745580000, 0x0000000795580000)
  object space 87552K, 5% used [0x0000000740000000,0x000000074045e2a0,0x0000000745580000)
 Metaspace       used 20621K, capacity 21168K, committed 21248K, reserved 1067008K
  class space    used 2664K, capacity 2791K, committed 2816K, reserved 1048576K
Event: 1.711 GC heap after
Heap after GC invocations=6 (full 0):
 PSYoungGen      total 141312K, used 5251K [0x0000000795580000, 0x000000079e880000, 0x00000007c0000000)
  eden space 133120K, 0% used [0x0000000795580000,0x0000000795580000,0x000000079d780000)
  from space 8192K, 64% used [0x000000079e080000,0x000000079e5a0cf0,0x000000079e880000)
  to   space 8704K, 0% used [0x000000079d780000,0x000000079d780000,0x000000079e000000)
 ParOldGen       total 87552K, used 4480K [0x0000000740000000, 0x0000000745580000, 0x0000000795580000)
  object space 87552K, 5% used [0x0000000740000000,0x00000007404602a0,0x0000000745580000)
 Metaspace       used 20621K, capacity 21168K, committed 21248K, reserved 1067008K
  class space    used 2664K, capacity 2791K, committed 2816K, reserved 1048576K
}
Event: 1.711 GC heap before
{Heap before GC invocations=7 (full 1):
 PSYoungGen      total 141312K, used 5251K [0x0000000795580000, 0x000000079e880000, 0x00000007c0000000)
  eden space 133120K, 0% used [0x0000000795580000,0x0000000795580000,0x000000079d780000)
  from space 8192K, 64% used [0x000000079e080000,0x000000079e5a0cf0,0x000000079e880000)
  to   space 8704K, 0% used [0x000000079d780000,0x000000079d780000,0x000000079e000000)
 ParOldGen       total 87552K, used 4480K [0x0000000740000000, 0x0000000745580000, 0x0000000795580000)
  object space 87552K, 5% used [0x0000000740000000,0x00000007404602a0,0x0000000745580000)
 Metaspace       used 20621K, capacity 21168K, committed 21248K, reserved 1067008K
  class space    used 2664K, capacity 2791K, committed 2816K, reserved 1048576K
Event: 1.734 GC heap after
Heap after GC invocations=7 (full 1):
 PSYoungGen      total 141312K, used 0K [0x0000000795580000, 0x000000079e880000, 0x00000007c0000000)
  eden space 133120K, 0% used [0x0000000795580000,0x0000000795580000,0x000000079d780000)
  from space 8192K, 0% used [0x000000079e080000,0x000000079e080000,0x000000079e880000)
  to   space 8704K, 0% used [0x000000079d780000,0x000000079d780000,0x000000079e000000)
 ParOldGen       total 45056K, used 6103K [0x0000000740000000, 0x0000000742c00000, 0x0000000795580000)
  object space 45056K, 13% used [0x0000000740000000,0x00000007405f5f70,0x0000000742c00000)
 Metaspace       used 20621K, capacity 21168K, committed 21248K, reserved 1067008K
  class space    used 2664K, capacity 2791K, committed 2816K, reserved 1048576K
}
Event: 2.680 GC heap before
{Heap before GC invocations=8 (full 1):
 PSYoungGen      total 141312K, used 133120K [0x0000000795580000, 0x000000079e880000, 0x00000007c0000000)
  eden space 133120K, 100% used [0x0000000795580000,0x000000079d780000,0x000000079d780000)
  from space 8192K, 0% used [0x000000079e080000,0x000000079e080000,0x000000079e880000)
  to   space 8704K, 0% used [0x000000079d780000,0x000000079d780000,0x000000079e000000)
 ParOldGen       total 45056K, used 6103K [0x0000000740000000, 0x0000000742c00000, 0x0000000795580000)
  object space 45056K, 13% used [0x0000000740000000,0x00000007405f5f70,0x0000000742c00000)
 Metaspace       used 31247K, capacity 31958K, committed 32256K, reserved 1077248K
  class space    used 4318K, capacity 4514K, committed 4608K, reserved 1048576K
Event: 2.695 GC heap after
Heap after GC invocations=8 (full 1):
 PSYoungGen      total 141824K, used 8702K [0x0000000795580000, 0x00000007a6400000, 0x00000007c0000000)
  eden space 133120K, 0% used [0x0000000795580000,0x0000000795580000,0x000000079d780000)
  from space 8704K, 99% used [0x000000079d780000,0x000000079dfff9d8,0x000000079e000000)
  to   space 11264K, 0% used [0x00000007a5900000,0x00000007a5900000,0x00000007a6400000)
 ParOldGen       total 45056K, used 8608K [0x0000000740000000, 0x0000000742c00000, 0x0000000795580000)
  object space 45056K, 19% used [0x0000000740000000,0x0000000740868250,0x0000000742c00000)
 Metaspace       used 31247K, capacity 31958K, committed 32256K, reserved 1077248K
  class space    used 4318K, capacity 4514K, committed 4608K, reserved 1048576K
}
Event: 2.882 GC heap before
{Heap before GC invocations=9 (full 1):
 PSYoungGen      total 141824K, used 53539K [0x0000000795580000, 0x00000007a6400000, 0x00000007c0000000)
  eden space 133120K, 33% used [0x0000000795580000,0x00000007981494d8,0x000000079d780000)
  from space 8704K, 99% used [0x000000079d780000,0x000000079dfff9d8,0x000000079e000000)
  to   space 11264K, 0% used [0x00000007a5900000,0x00000007a5900000,0x00000007a6400000)
 ParOldGen       total 45056K, used 8608K [0x0000000740000000, 0x0000000742c00000, 0x0000000795580000)
  object space 45056K, 19% used [0x0000000740000000,0x0000000740868250,0x0000000742c00000)
 Metaspace       used 34535K, capacity 35278K, committed 35416K, reserved 1079296K
  class space    used 4789K, capacity 4976K, committed 4992K, reserved 1048576K
Event: 2.888 GC heap after
Heap after GC invocations=9 (full 1):
 PSYoungGen      total 259584K, used 6217K [0x0000000795580000, 0x00000007a6080000, 0x00000007c0000000)
  eden space 251904K, 0% used [0x0000000795580000,0x0000000795580000,0x00000007a4b80000)
  from space 7680K, 80% used [0x00000007a5900000,0x00000007a5f12640,0x00000007a6080000)
  to   space 10752K, 0% used [0x00000007a4b80000,0x00000007a4b80000,0x00000007a5600000)
 ParOldGen       total 45056K, used 8616K [0x0000000740000000, 0x0000000742c00000, 0x0000000795580000)
  object space 45056K, 19% used [0x0000000740000000,0x000000074086a250,0x0000000742c00000)
 Metaspace       used 34535K, capacity 35278K, committed 35416K, reserved 1079296K
  class space    used 4789K, capacity 4976K, committed 4992K, reserved 1048576K
}
Event: 2.888 GC heap before
{Heap before GC invocations=10 (full 2):
 PSYoungGen      total 259584K, used 6217K [0x0000000795580000, 0x00000007a6080000, 0x00000007c0000000)
  eden space 251904K, 0% used [0x0000000795580000,0x0000000795580000,0x00000007a4b80000)
  from space 7680K, 80% used [0x00000007a5900000,0x00000007a5f12640,0x00000007a6080000)
  to   space 10752K, 0% used [0x00000007a4b80000,0x00000007a4b80000,0x00000007a5600000)
 ParOldGen       total 45056K, used 8616K [0x0000000740000000, 0x0000000742c00000, 0x0000000795580000)
  object space 45056K, 19% used [0x0000000740000000,0x000000074086a250,0x0000000742c00000)
 Metaspace       used 34535K, capacity 35278K, committed 35416K, reserved 1079296K
  class space    used 4789K, capacity 4976K, committed 4992K, reserved 1048576K
Event: 2.935 GC heap after
Heap after GC invocations=10 (full 2):
 PSYoungGen      total 259584K, used 0K [0x0000000795580000, 0x00000007a6080000, 0x00000007c0000000)
  eden space 251904K, 0% used [0x0000000795580000,0x0000000795580000,0x00000007a4b80000)
  from space 7680K, 0% used [0x00000007a5900000,0x00000007a5900000,0x00000007a6080000)
  to   space 10752K, 0% used [0x00000007a4b80000,0x00000007a4b80000,0x00000007a5600000)
 ParOldGen       total 57344K, used 10785K [0x0000000740000000, 0x0000000743800000, 0x0000000795580000)
  object space 57344K, 18% used [0x0000000740000000,0x0000000740a88770,0x0000000743800000)
 Metaspace       used 34535K, capacity 35278K, committed 35416K, reserved 1079296K
  class space    used 4789K, capacity 4976K, committed 4992K, reserved 1048576K
}

Deoptimization events (10 events):
Event: 3.715 Thread 0x00007ff779802000 Uncommon trap: reason=unstable_if action=reinterpret pc=0x00000001082d9464 method=java.util.concurrent.ConcurrentHashMap.get(Ljava/lang/Object;)Ljava/lang/Object; @ 86
Event: 6.546 Thread 0x00007ff77bc50000 Uncommon trap: reason=bimorphic action=maybe_recompile pc=0x00000001081f7a34 method=java.lang.ThreadLocal.get()Ljava/lang/Object; @ 6
Event: 6.560 Thread 0x00007ff77bb72000 Uncommon trap: reason=bimorphic action=maybe_recompile pc=0x00000001081f7a34 method=java.lang.ThreadLocal.get()Ljava/lang/Object; @ 6
Event: 6.562 Thread 0x00007ff77bb72000 Uncommon trap: reason=bimorphic action=maybe_recompile pc=0x00000001081f7a34 method=java.lang.ThreadLocal.get()Ljava/lang/Object; @ 6
Event: 6.565 Thread 0x00007ff77bb72000 Uncommon trap: reason=bimorphic action=maybe_recompile pc=0x00000001082d4058 method=java.lang.Throwable.<init>(Ljava/lang/String;Ljava/lang/Throwable;)V @ 24
Event: 6.572 Thread 0x00007ff77bb72000 Uncommon trap: reason=bimorphic action=maybe_recompile pc=0x00000001081f7a34 method=java.lang.ThreadLocal.get()Ljava/lang/Object; @ 6
Event: 6.614 Thread 0x00007ff77bb72000 Uncommon trap: reason=unstable_if action=reinterpret pc=0x00000001080cbb28 method=java.util.stream.StreamOpFlag.fromCharacteristics(Ljava/util/Spliterator;)I @ 10
Event: 6.738 Thread 0x00007ff77bb72000 Uncommon trap: reason=null_check action=make_not_entrant pc=0x0000000108243e50 method=java.lang.StringCoding.decode(Ljava/lang/String;[BII)[C @ 6
Event: 42.334 Thread 0x00007ff77bc5f800 Uncommon trap: reason=unstable_if action=reinterpret pc=0x00000001082c72ec method=sun.reflect.annotation.AnnotationInvocationHandler.invoke(Ljava/lang/Object;Ljava/lang/reflect/Method;[Ljava/lang/Object;)Ljava/lang/Object; @ 19
Event: 42.335 Thread 0x00007ff77bc5f800 Uncommon trap: reason=unstable_if action=reinterpret pc=0x0000000108244f68 method=java.util.LinkedHashMap.get(Ljava/lang/Object;)Ljava/lang/Object; @ 20

Classes redefined (0 events):
No events

Internal exceptions (10 events):
Event: 3.529 Thread 0x00007ff779802000 Exception <a 'java/lang/NoSuchMethodError': java.lang.Object.lambda$comparing$77a9974f$1(Ljava/util/function/Function;Ljava/lang/Object;Ljava/lang/Object;)I> (0x000000079b34d530) thrown at [/Users/java_re/workspace/8-2-build-macosx-x86_64/jdk8u211/12973/h
Event: 3.666 Thread 0x00007ff779802000 Exception <a 'java/lang/NoSuchMethodError': java.lang.Object.lambda$and$0(Ljava/util/function/Predicate;Ljava/lang/Object;)Z> (0x000000079cb7bc40) thrown at [/Users/java_re/workspace/8-2-build-macosx-x86_64/jdk8u211/12973/hotspot/src/share/vm/interpreter/
Event: 3.690 Thread 0x00007ff779802000 Exception <a 'java/lang/NoSuchMethodError': java.lang.Object.lambda$comparingInt$7b0bb60$1(Ljava/util/function/ToIntFunction;Ljava/lang/Object;Ljava/lang/Object;)I> (0x000000079cdd69b8) thrown at [/Users/java_re/workspace/8-2-build-macosx-x86_64/jdk8u211/
Event: 3.776 Thread 0x00007ff779802000 Exception <a 'java/lang/NoSuchMethodError': java.lang.Object.lambda$comparing$ea9a8b3a$1(Ljava/util/Comparator;Ljava/util/function/Function;Ljava/lang/Object;Ljava/lang/Object;)I> (0x000000079d906b20) thrown at [/Users/java_re/workspace/8-2-build-macosx-x
Event: 3.777 Thread 0x00007ff779802000 Exception <a 'java/lang/NoSuchMethodError': java.lang.Object.lambda$thenComparing$36697e65$1(Ljava/util/Comparator;Ljava/lang/Object;Ljava/lang/Object;)I> (0x000000079d90e920) thrown at [/Users/java_re/workspace/8-2-build-macosx-x86_64/jdk8u211/12973/hots
Event: 3.804 Thread 0x00007ff779802000 Exception <a 'java/lang/NoSuchMethodError': java.lang.Object.lambda$static$0(Ljava/lang/String;Lcom/codahale/metrics/health/HealthCheck;)Z> (0x000000079dce3c90) thrown at [/Users/java_re/workspace/8-2-build-macosx-x86_64/jdk8u211/12973/hotspot/src/share/v
Event: 6.614 Thread 0x00007ff77bb72000 Exception <a 'java/lang/NoSuchMethodError': java.lang.Object.lambda$comparingByKey$6d558cbf$1(Ljava/util/Comparator;Ljava/util/Map$Entry;Ljava/util/Map$Entry;)I> (0x000000079fad12b8) thrown at [/Users/java_re/workspace/8-2-build-macosx-x86_64/jdk8u211/129
Event: 6.738 Thread 0x00007ff77bb72000 Implicit null exception at 0x000000010824368c to 0x0000000108243e35
Event: 165.324 Thread 0x00007ff779879800 Exception <a 'java/io/IOException'> (0x000000079e3da590) thrown at [/Users/java_re/workspace/8-2-build-macosx-x86_64/jdk8u211/12973/hotspot/src/share/vm/prims/jni.cpp, line 710]
Event: 165.325 Thread 0x00007ff77d015800 Exception <a 'java/io/IOException'> (0x000000079eb2e8a0) thrown at [/Users/java_re/workspace/8-2-build-macosx-x86_64/jdk8u211/12973/hotspot/src/share/vm/prims/jni.cpp, line 710]

Events (10 events):
Event: 165.324 loading class java/nio/channels/AsynchronousCloseException done
Event: 165.324 loading class org/eclipse/jetty/util/FutureCallback
Event: 165.324 loading class org/eclipse/jetty/util/FutureCallback done
Event: 165.324 loading class org/eclipse/jetty/util/FutureCallback
Event: 165.324 loading class org/eclipse/jetty/util/FutureCallback done
Event: 165.325 loading class org/eclipse/jetty/util/FutureCallback
Event: 165.325 loading class org/eclipse/jetty/util/FutureCallback done
Event: 165.325 loading class org/eclipse/jetty/util/component/Graceful$Shutdown
Event: 165.325 loading class org/eclipse/jetty/util/component/Graceful$Shutdown done
Event: 165.325 Thread 0x00007ff77d015800 Thread exited: 0x00007ff77d015800


Dynamic libraries:
0x00007fff45b6f000 	/System/Library/Frameworks/Cocoa.framework/Versions/A/Cocoa
0x00007fff51914000 	/System/Library/Frameworks/Security.framework/Versions/A/Security
0x00007fff44802000 	/System/Library/Frameworks/ApplicationServices.framework/Versions/A/ApplicationServices
0x00007fff71a06000 	/usr/lib/libz.1.dylib
0x00007fff6f360000 	/usr/lib/libSystem.B.dylib
0x00007fff70b97000 	/usr/lib/libobjc.A.dylib
0x00007fff463e4000 	/System/Library/Frameworks/CoreFoundation.framework/Versions/A/CoreFoundation
0x00007fff48667000 	/System/Library/Frameworks/Foundation.framework/Versions/C/Foundation
0x00007fff439fb000 	/System/Library/Frameworks/AppKit.framework/Versions/C/AppKit
0x00007fff45f6d000 	/System/Library/Frameworks/CoreData.framework/Versions/A/CoreData
0x00007fff68e26000 	/System/Library/PrivateFrameworks/RemoteViewServices.framework/Versions/A/RemoteViewServices
0x00007fff6d09d000 	/System/Library/PrivateFrameworks/UIFoundation.framework/Versions/A/UIFoundation
0x00007fff6e781000 	/System/Library/PrivateFrameworks/XCTTargetBootstrap.framework/Versions/A/XCTTargetBootstrap
0x00007fff462f3000 	/System/Library/Frameworks/CoreDisplay.framework/Versions/A/CoreDisplay
0x00007fff63b5c000 	/System/Library/PrivateFrameworks/IconServices.framework/Versions/A/IconServices
0x00007fff4af88000 	/System/Library/Frameworks/Metal.framework/Versions/A/Metal
0x00007fff5b09f000 	/System/Library/PrivateFrameworks/DesktopServicesPriv.framework/Versions/A/DesktopServicesPriv
0x00007fff6fefa000 	/usr/lib/libenergytrace.dylib
0x00007fff6b584000 	/System/Library/PrivateFrameworks/SkyLight.framework/Versions/A/SkyLight
0x00007fff4682b000 	/System/Library/Frameworks/CoreGraphics.framework/Versions/A/CoreGraphics
0x00007fff427c7000 	/System/Library/Frameworks/Accelerate.framework/Versions/A/Accelerate
0x00007fff48db0000 	/System/Library/Frameworks/IOSurface.framework/Versions/A/IOSurface
0x00007fff5af0b000 	/System/Library/PrivateFrameworks/DFRFoundation.framework/Versions/A/DFRFoundation
0x00007fff44ce5000 	/System/Library/Frameworks/AudioToolbox.framework/Versions/A/AudioToolbox
0x00007fff44f5e000 	/System/Library/Frameworks/AudioUnit.framework/Versions/A/AudioUnit
0x00007fff5afa0000 	/System/Library/PrivateFrameworks/DataDetectorsCore.framework/Versions/A/DataDetectorsCore
0x00007fff45672000 	/System/Library/Frameworks/Carbon.framework/Versions/A/Frameworks/HIToolbox.framework/Versions/A/HIToolbox
0x00007fff70053000 	/usr/lib/libicucore.A.dylib
0x00007fff50e87000 	/System/Library/Frameworks/QuartzCore.framework/Versions/A/QuartzCore
0x00007fff45a47000 	/System/Library/Frameworks/Carbon.framework/Versions/A/Frameworks/SpeechRecognition.framework/Versions/A/SpeechRecognition
0x00007fff6f4b4000 	/usr/lib/libauto.dylib
0x00007fff718fa000 	/usr/lib/libxml2.2.dylib
0x00007fff5aae6000 	/System/Library/PrivateFrameworks/CoreUI.framework/Versions/A/CoreUI
0x00007fff45e58000 	/System/Library/Frameworks/CoreAudio.framework/Versions/A/CoreAudio
0x00007fff4849c000 	/System/Library/Frameworks/DiskArbitration.framework/Versions/A/DiskArbitration
0x00007fff70301000 	/usr/lib/liblangid.dylib
0x00007fff64f67000 	/System/Library/PrivateFrameworks/MultitouchSupport.framework/Versions/A/MultitouchSupport
0x00007fff48d1f000 	/System/Library/Frameworks/IOKit.framework/Versions/A/IOKit
0x00007fff6ef20000 	/usr/lib/libDiagnosticMessagesClient.dylib
0x00007fff4763a000 	/System/Library/Frameworks/CoreServices.framework/Versions/A/CoreServices
0x00007fff66c21000 	/System/Library/PrivateFrameworks/PerformanceAnalysis.framework/Versions/A/PerformanceAnalysis
0x00007fff50075000 	/System/Library/Frameworks/OpenGL.framework/Versions/A/OpenGL
0x00007fff45b7d000 	/System/Library/Frameworks/ColorSync.framework/Versions/A/ColorSync
0x00007fff46ebc000 	/System/Library/Frameworks/CoreImage.framework/Versions/A/CoreImage
0x00007fff48012000 	/System/Library/Frameworks/CoreText.framework/Versions/A/CoreText
0x00007fff48e13000 	/System/Library/Frameworks/ImageIO.framework/Versions/A/ImageIO
0x00007fff57138000 	/System/Library/PrivateFrameworks/Backup.framework/Versions/A/Backup
0x00007fff6f407000 	/usr/lib/libarchive.2.dylib
0x00007fff452b7000 	/System/Library/Frameworks/CFNetwork.framework/Versions/A/CFNetwork
0x00007fff52070000 	/System/Library/Frameworks/SystemConfiguration.framework/Versions/A/SystemConfiguration
0x00007fff6ee51000 	/usr/lib/libCRFSuite.dylib
0x00007fff6f5a3000 	/usr/lib/libc++.1.dylib
0x00007fff6f5f7000 	/usr/lib/libc++abi.dylib
0x00007fff721fc000 	/usr/lib/system/libcache.dylib
0x00007fff72201000 	/usr/lib/system/libcommonCrypto.dylib
0x00007fff7220c000 	/usr/lib/system/libcompiler_rt.dylib
0x00007fff72214000 	/usr/lib/system/libcopyfile.dylib
0x00007fff7221e000 	/usr/lib/system/libcorecrypto.dylib
0x00007fff72329000 	/usr/lib/system/libdispatch.dylib
0x00007fff72363000 	/usr/lib/system/libdyld.dylib
0x00007fff72390000 	/usr/lib/system/libkeymgr.dylib
0x00007fff7239e000 	/usr/lib/system/liblaunch.dylib
0x00007fff7239f000 	/usr/lib/system/libmacho.dylib
0x00007fff723a5000 	/usr/lib/system/libquarantine.dylib
0x00007fff723a8000 	/usr/lib/system/libremovefile.dylib
0x00007fff723aa000 	/usr/lib/system/libsystem_asl.dylib
0x00007fff723c2000 	/usr/lib/system/libsystem_blocks.dylib
0x00007fff723c3000 	/usr/lib/system/libsystem_c.dylib
0x00007fff7244b000 	/usr/lib/system/libsystem_configuration.dylib
0x00007fff7244f000 	/usr/lib/system/libsystem_coreservices.dylib
0x00007fff72453000 	/usr/lib/system/libsystem_darwin.dylib
0x00007fff7245a000 	/usr/lib/system/libsystem_dnssd.dylib
0x00007fff72461000 	/usr/lib/system/libsystem_info.dylib
0x00007fff724d6000 	/usr/lib/system/libsystem_m.dylib
0x00007fff72522000 	/usr/lib/system/libsystem_malloc.dylib
0x00007fff7254d000 	/usr/lib/system/libsystem_networkextension.dylib
0x00007fff72558000 	/usr/lib/system/libsystem_notify.dylib
0x00007fff72575000 	/usr/lib/system/libsystem_sandbox.dylib
0x00007fff72579000 	/usr/lib/system/libsystem_secinit.dylib
0x00007fff724ad000 	/usr/lib/system/libsystem_kernel.dylib
0x00007fff72560000 	/usr/lib/system/libsystem_platform.dylib
0x00007fff7256a000 	/usr/lib/system/libsystem_pthread.dylib
0x00007fff7257c000 	/usr/lib/system/libsystem_symptoms.dylib
0x00007fff72584000 	/usr/lib/system/libsystem_trace.dylib
0x00007fff7259b000 	/usr/lib/system/libunwind.dylib
0x00007fff725a1000 	/usr/lib/system/libxpc.dylib
0x00007fff6f584000 	/usr/lib/libbsm.0.dylib
0x00007fff72391000 	/usr/lib/system/libkxld.dylib
0x00007fff56529000 	/System/Library/PrivateFrameworks/AppleFSCompression.framework/Versions/A/AppleFSCompression
0x00007fff6f220000 	/usr/lib/libOpenScriptingUtil.dylib
0x00007fff6f8ac000 	/usr/lib/libcoretls.dylib
0x00007fff6f8c3000 	/usr/lib/libcoretls_cfhelpers.dylib
0x00007fff7132e000 	/usr/lib/libpam.2.dylib
0x00007fff714ee000 	/usr/lib/libsqlite3.dylib
0x00007fff718e8000 	/usr/lib/libxar.1.dylib
0x00007fff6f595000 	/usr/lib/libbz2.1.0.dylib
0x00007fff70303000 	/usr/lib/liblzma.5.dylib
0x00007fff707b4000 	/usr/lib/libnetwork.dylib
0x00007fff6f3f0000 	/usr/lib/libapple_nghttp2.dylib
0x00007fff71335000 	/usr/lib/libpcap.A.dylib
0x00007fff479d9000 	/System/Library/Frameworks/CoreServices.framework/Versions/A/Frameworks/FSEvents.framework/Versions/A/FSEvents
0x00007fff476b8000 	/System/Library/Frameworks/CoreServices.framework/Versions/A/Frameworks/CarbonCore.framework/Versions/A/CarbonCore
0x00007fff47b94000 	/System/Library/Frameworks/CoreServices.framework/Versions/A/Frameworks/Metadata.framework/Versions/A/Metadata
0x00007fff47c33000 	/System/Library/Frameworks/CoreServices.framework/Versions/A/Frameworks/OSServices.framework/Versions/A/OSServices
0x00007fff47c7e000 	/System/Library/Frameworks/CoreServices.framework/Versions/A/Frameworks/SearchKit.framework/Versions/A/SearchKit
0x00007fff4763b000 	/System/Library/Frameworks/CoreServices.framework/Versions/A/Frameworks/AE.framework/Versions/A/AE
0x00007fff479e2000 	/System/Library/Frameworks/CoreServices.framework/Versions/A/Frameworks/LaunchServices.framework/Versions/A/LaunchServices
0x00007fff47990000 	/System/Library/Frameworks/CoreServices.framework/Versions/A/Frameworks/DictionaryServices.framework/Versions/A/DictionaryServices
0x00007fff47ce6000 	/System/Library/Frameworks/CoreServices.framework/Versions/A/Frameworks/SharedFileList.framework/Versions/A/SharedFileList
0x00007fff4c050000 	/System/Library/Frameworks/NetFS.framework/Versions/A/NetFS
0x00007fff651cd000 	/System/Library/PrivateFrameworks/NetAuth.framework/Versions/A/NetAuth
0x00007fff6eb85000 	/System/Library/PrivateFrameworks/login.framework/Versions/A/Frameworks/loginsupport.framework/Versions/A/loginsupport
0x00007fff6cca6000 	/System/Library/PrivateFrameworks/TCC.framework/Versions/A/TCC
0x00007fff5a143000 	/System/Library/PrivateFrameworks/CoreNLP.framework/Versions/A/CoreNLP
0x00007fff64c62000 	/System/Library/PrivateFrameworks/MetadataUtilities.framework/Versions/A/MetadataUtilities
0x00007fff703d8000 	/usr/lib/libmecabra.dylib
0x00007fff44803000 	/System/Library/Frameworks/ApplicationServices.framework/Versions/A/Frameworks/ATS.framework/Versions/A/ATS
0x00007fff44b52000 	/System/Library/Frameworks/ApplicationServices.framework/Versions/A/Frameworks/ColorSyncLegacy.framework/Versions/A/ColorSyncLegacy
0x00007fff44bf1000 	/System/Library/Frameworks/ApplicationServices.framework/Versions/A/Frameworks/HIServices.framework/Versions/A/HIServices
0x00007fff44c44000 	/System/Library/Frameworks/ApplicationServices.framework/Versions/A/Frameworks/LangAnalysis.framework/Versions/A/LangAnalysis
0x00007fff44c54000 	/System/Library/Frameworks/ApplicationServices.framework/Versions/A/Frameworks/PrintCore.framework/Versions/A/PrintCore
0x00007fff44c9e000 	/System/Library/Frameworks/ApplicationServices.framework/Versions/A/Frameworks/QD.framework/Versions/A/QD
0x00007fff44cd8000 	/System/Library/Frameworks/ApplicationServices.framework/Versions/A/Frameworks/SpeechSynthesis.framework/Versions/A/SpeechSynthesis
0x00007fff6f61f000 	/usr/lib/libcompression.dylib
0x00007fff4b258000 	/System/Library/Frameworks/MetalPerformanceShaders.framework/Versions/A/MetalPerformanceShaders
0x00007fff427df000 	/System/Library/Frameworks/Accelerate.framework/Versions/A/Frameworks/vImage.framework/Versions/A/vImage
0x00007fff43859000 	/System/Library/Frameworks/Accelerate.framework/Versions/A/Frameworks/vecLib.framework/Versions/A/vecLib
0x00007fff437a5000 	/System/Library/Frameworks/Accelerate.framework/Versions/A/Frameworks/vecLib.framework/Versions/A/libvMisc.dylib
0x00007fff435bd000 	/System/Library/Frameworks/Accelerate.framework/Versions/A/Frameworks/vecLib.framework/Versions/A/libvDSP.dylib
0x00007fff42e79000 	/System/Library/Frameworks/Accelerate.framework/Versions/A/Frameworks/vecLib.framework/Versions/A/libBLAS.dylib
0x00007fff43166000 	/System/Library/Frameworks/Accelerate.framework/Versions/A/Frameworks/vecLib.framework/Versions/A/libLAPACK.dylib
0x00007fff43510000 	/System/Library/Frameworks/Accelerate.framework/Versions/A/Frameworks/vecLib.framework/Versions/A/libLinearAlgebra.dylib
0x00007fff435a9000 	/System/Library/Frameworks/Accelerate.framework/Versions/A/Frameworks/vecLib.framework/Versions/A/libSparseBLAS.dylib
0x00007fff43526000 	/System/Library/Frameworks/Accelerate.framework/Versions/A/Frameworks/vecLib.framework/Versions/A/libQuadrature.dylib
0x00007fff430f3000 	/System/Library/Frameworks/Accelerate.framework/Versions/A/Frameworks/vecLib.framework/Versions/A/libBNNS.dylib
0x00007fff4352c000 	/System/Library/Frameworks/Accelerate.framework/Versions/A/Frameworks/vecLib.framework/Versions/A/libSparse.dylib
0x00007fff61491000 	/System/Library/PrivateFrameworks/GPUWrangler.framework/Versions/A/GPUWrangler
0x00007fff63791000 	/System/Library/PrivateFrameworks/IOAccelerator.framework/Versions/A/IOAccelerator
0x00007fff6379c000 	/System/Library/PrivateFrameworks/IOPresentment.framework/Versions/A/IOPresentment
0x00007fff5af1b000 	/System/Library/PrivateFrameworks/DSExternalDisplay.framework/Versions/A/DSExternalDisplay
0x00007fff4f4cc000 	/System/Library/Frameworks/OpenGL.framework/Versions/A/Libraries/libCoreFSCache.dylib
0x00007fff4b04c000 	/System/Library/Frameworks/MetalPerformanceShaders.framework/Frameworks/MPSCore.framework/Versions/A/MPSCore
0x00007fff4b06c000 	/System/Library/Frameworks/MetalPerformanceShaders.framework/Frameworks/MPSImage.framework/Versions/A/MPSImage
0x00007fff4b111000 	/System/Library/Frameworks/MetalPerformanceShaders.framework/Frameworks/MPSNeuralNetwork.framework/Versions/A/MPSNeuralNetwork
0x00007fff4b0e9000 	/System/Library/Frameworks/MetalPerformanceShaders.framework/Frameworks/MPSMatrix.framework/Versions/A/MPSMatrix
0x00007fff4b23d000 	/System/Library/Frameworks/MetalPerformanceShaders.framework/Frameworks/MPSRayIntersector.framework/Versions/A/MPSRayIntersector
0x00007fff64c8b000 	/System/Library/PrivateFrameworks/MetalTools.framework/Versions/A/MetalTools
0x00007fff55dd3000 	/System/Library/PrivateFrameworks/AggregateDictionary.framework/Versions/A/AggregateDictionary
0x00007fff6f200000 	/usr/lib/libMobileGestalt.dylib
0x00007fff48175000 	/System/Library/Frameworks/CoreVideo.framework/Versions/A/CoreVideo
0x00007fff622a2000 	/System/Library/PrivateFrameworks/GraphVisualizer.framework/Versions/A/GraphVisualizer
0x00007fff5c121000 	/System/Library/PrivateFrameworks/FaceCore.framework/Versions/A/FaceCore
0x00007fff4eafa000 	/System/Library/Frameworks/OpenCL.framework/Versions/A/OpenCL
0x00007fff6ef58000 	/usr/lib/libFosl_dynamic.dylib
0x00007fff65a38000 	/System/Library/PrivateFrameworks/OTSVG.framework/Versions/A/OTSVG
0x00007fff44907000 	/System/Library/Frameworks/ApplicationServices.framework/Versions/A/Frameworks/ATS.framework/Versions/A/Resources/libFontParser.dylib
0x00007fff44a1f000 	/System/Library/Frameworks/ApplicationServices.framework/Versions/A/Frameworks/ATS.framework/Versions/A/Resources/libFontRegistry.dylib
0x00007fff49081000 	/System/Library/Frameworks/ImageIO.framework/Versions/A/Resources/libJPEG.dylib
0x00007fff49393000 	/System/Library/Frameworks/ImageIO.framework/Versions/A/Resources/libTIFF.dylib
0x00007fff49369000 	/System/Library/Frameworks/ImageIO.framework/Versions/A/Resources/libPng.dylib
0x00007fff48f9f000 	/System/Library/Frameworks/ImageIO.framework/Versions/A/Resources/libGIF.dylib
0x00007fff48fa4000 	/System/Library/Frameworks/ImageIO.framework/Versions/A/Resources/libJP2.dylib
0x00007fff49390000 	/System/Library/Frameworks/ImageIO.framework/Versions/A/Resources/libRadiance.dylib
0x00007fff56680000 	/System/Library/PrivateFrameworks/AppleJPEG.framework/Versions/A/AppleJPEG
0x00007fff4f4d7000 	/System/Library/Frameworks/OpenGL.framework/Versions/A/Libraries/libGFXShared.dylib
0x00007fff4f69a000 	/System/Library/Frameworks/OpenGL.framework/Versions/A/Libraries/libGLU.dylib
0x00007fff4f4e0000 	/System/Library/Frameworks/OpenGL.framework/Versions/A/Libraries/libGL.dylib
0x00007fff4f4ec000 	/System/Library/Frameworks/OpenGL.framework/Versions/A/Libraries/libGLImage.dylib
0x00007fff4f4c9000 	/System/Library/Frameworks/OpenGL.framework/Versions/A/Libraries/libCVMSPluginSupport.dylib
0x00007fff4f4d2000 	/System/Library/Frameworks/OpenGL.framework/Versions/A/Libraries/libCoreVMClient.dylib
0x00007fff6fd70000 	/usr/lib/libcups.2.dylib
0x00007fff4a553000 	/System/Library/Frameworks/Kerberos.framework/Versions/A/Kerberos
0x00007fff48a83000 	/System/Library/Frameworks/GSS.framework/Versions/A/GSS
0x00007fff71483000 	/usr/lib/libresolv.9.dylib
0x00007fff6ff62000 	/usr/lib/libiconv.2.dylib
0x00007fff62417000 	/System/Library/PrivateFrameworks/Heimdal.framework/Versions/A/Heimdal
0x00007fff6ff32000 	/usr/lib/libheimdal-asn1.dylib
0x00007fff4eb6e000 	/System/Library/Frameworks/OpenDirectory.framework/Versions/A/OpenDirectory
0x00007fff58ea6000 	/System/Library/PrivateFrameworks/CommonAuth.framework/Versions/A/CommonAuth
0x00007fff4eb52000 	/System/Library/Frameworks/OpenDirectory.framework/Versions/A/Frameworks/CFOpenDirectory.framework/Versions/A/CFOpenDirectory
0x00007fff51c15000 	/System/Library/Frameworks/SecurityFoundation.framework/Versions/A/SecurityFoundation
0x00007fff55319000 	/System/Library/PrivateFrameworks/APFS.framework/Versions/A/APFS
0x00007fff718e4000 	/usr/lib/libutil.dylib
0x00007fff6f60d000 	/usr/lib/libcharset.1.dylib
0x00007fff5691d000 	/System/Library/PrivateFrameworks/AppleSauce.framework/Versions/A/AppleSauce
0x00007fff56a9e000 	/System/Library/PrivateFrameworks/AssertionServices.framework/Versions/A/AssertionServices
0x00007fff571ce000 	/System/Library/PrivateFrameworks/BaseBoard.framework/Versions/A/BaseBoard
0x00007fff70333000 	/usr/lib/libmecab.1.0.0.dylib
0x00007fff6ff2c000 	/usr/lib/libgermantok.dylib
0x00007fff6f3dd000 	/usr/lib/libThaiTokenizer.dylib
0x00007fff6ee88000 	/usr/lib/libChineseTokenizer.dylib
0x00007fff63e49000 	/System/Library/PrivateFrameworks/LanguageModeling.framework/Versions/A/LanguageModeling
0x00007fff59b88000 	/System/Library/PrivateFrameworks/CoreEmoji.framework/Versions/A/CoreEmoji
0x00007fff63f25000 	/System/Library/PrivateFrameworks/Lexicon.framework/Versions/A/Lexicon
0x00007fff63f68000 	/System/Library/PrivateFrameworks/LinguisticData.framework/Versions/A/LinguisticData
0x00007fff6f60e000 	/usr/lib/libcmph.dylib
0x00007fff51cd3000 	/System/Library/Frameworks/ServiceManagement.framework/Versions/A/ServiceManagement
0x00007fff5712f000 	/System/Library/PrivateFrameworks/BackgroundTaskManagement.framework/Versions/A/BackgroundTaskManagement
0x00007fff719dd000 	/usr/lib/libxslt.1.dylib
0x00007fff45974000 	/System/Library/Frameworks/Carbon.framework/Versions/A/Frameworks/Ink.framework/Versions/A/Ink
0x00007fff6cf18000 	/System/Library/PrivateFrameworks/TextureIO.framework/Versions/A/TextureIO
0x00007fff6f431000 	/usr/lib/libate.dylib
0x00007fff5ae6a000 	/System/Library/PrivateFrameworks/CrashReporterSupport.framework/Versions/A/CrashReporterSupport
0x00007fff6a652000 	/System/Library/PrivateFrameworks/Sharing.framework/Versions/A/Sharing
0x00007fff56e81000 	/System/Library/PrivateFrameworks/AuthKit.framework/Versions/A/AuthKit
0x00007fff563d5000 	/System/Library/PrivateFrameworks/Apple80211.framework/Versions/A/Apple80211
0x00007fff5ac12000 	/System/Library/PrivateFrameworks/CoreUtils.framework/Versions/A/CoreUtils
0x00007fff481b6000 	/System/Library/Frameworks/CoreWLAN.framework/Versions/A/CoreWLAN
0x00007fff48bb2000 	/System/Library/Frameworks/IOBluetooth.framework/Versions/A/IOBluetooth
0x00007fff68ac2000 	/System/Library/PrivateFrameworks/ProtocolBuffer.framework/Versions/A/ProtocolBuffer
0x00007fff64ec3000 	/System/Library/PrivateFrameworks/MobileKeyBag.framework/Versions/A/MobileKeyBag
0x00007fff5a456000 	/System/Library/PrivateFrameworks/CorePhoneNumbers.framework/Versions/A/CorePhoneNumbers
0x00007fff56634000 	/System/Library/PrivateFrameworks/AppleIDAuthSupport.framework/Versions/A/AppleIDAuthSupport
0x00007fff63e1c000 	/System/Library/PrivateFrameworks/KeychainCircle.framework/Versions/A/KeychainCircle
0x00007fff68c78000 	/System/Library/PrivateFrameworks/ROCKit.framework/Versions/A/ROCKit
0x00007fff5ae06000 	/System/Library/PrivateFrameworks/CoreWiFi.framework/Versions/A/CoreWiFi
0x00007fff45f42000 	/System/Library/Frameworks/CoreBluetooth.framework/Versions/A/CoreBluetooth
0x00007fff5b061000 	/System/Library/PrivateFrameworks/DebugSymbols.framework/Versions/A/DebugSymbols
0x00007fff5a9d2000 	/System/Library/PrivateFrameworks/CoreSymbolication.framework/Versions/A/CoreSymbolication
0x00007fff6c733000 	/System/Library/PrivateFrameworks/Symbolication.framework/Versions/A/Symbolication
0x00007fff6bfd6000 	/System/Library/PrivateFrameworks/SpeechRecognitionCore.framework/Versions/A/SpeechRecognitionCore
0x0000000102fc4000 	/Library/Java/JavaVirtualMachines/jdk1.8.0_211.jdk/Contents/Home/jre/lib/server/libjvm.dylib
0x00007fff717bf000 	/usr/lib/libstdc++.6.dylib
0x0000000103f7d000 	/Library/Java/JavaVirtualMachines/jdk1.8.0_211.jdk/Contents/Home/jre/lib/libverify.dylib
0x0000000103f8b000 	/Library/Java/JavaVirtualMachines/jdk1.8.0_211.jdk/Contents/Home/jre/lib/libjava.dylib
0x0000000103fcb000 	/Library/Java/JavaVirtualMachines/jdk1.8.0_211.jdk/Contents/Home/jre/lib/libzip.dylib
0x0000000107325000 	/Library/Java/JavaVirtualMachines/jdk1.8.0_211.jdk/Contents/Home/jre/lib/libmanagement.dylib
0x00000001073d0000 	/Library/Java/JavaVirtualMachines/jdk1.8.0_211.jdk/Contents/Home/jre/lib/libnet.dylib
0x0000000107345000 	/Library/Java/JavaVirtualMachines/jdk1.8.0_211.jdk/Contents/Home/jre/lib/libnio.dylib

VM Arguments:
jvm_args: -Dfile.encoding=UTF-8 
java_command: com.test.todolistApplication server todolist.yml
java_class_path (initial): /Users/oyo/Desktop/todolist/target/classes:/Users/oyo/.m2/repository/org/postgresql/postgresql/42.1.4/postgresql-42.1.4.jar:/Users/oyo/.m2/repository/io/dropwizard/dropwizard-core/2.0.10/dropwizard-core-2.0.10.jar:/Users/oyo/.m2/repository/io/dropwizard/dropwizard-util/2.0.10/dropwizard-util-2.0.10.jar:/Users/oyo/.m2/repository/com/google/guava/guava/28.2-jre/guava-28.2-jre.jar:/Users/oyo/.m2/repository/com/google/guava/failureaccess/1.0.1/failureaccess-1.0.1.jar:/Users/oyo/.m2/repository/com/google/guava/listenablefuture/9999.0-empty-to-avoid-conflict-with-guava/listenablefuture-9999.0-empty-to-avoid-conflict-with-guava.jar:/Users/oyo/.m2/repository/org/checkerframework/checker-qual/3.4.0/checker-qual-3.4.0.jar:/Users/oyo/.m2/repository/com/google/errorprone/error_prone_annotations/2.3.4/error_prone_annotations-2.3.4.jar:/Users/oyo/.m2/repository/com/google/j2objc/j2objc-annotations/1.3/j2objc-annotations-1.3.jar:/Users/oyo/.m2/repository/io/dropwizard/dropwizard-jackson/2.0.10/dropwizard-jackson-2.0.10.jar:/Users/oyo/.m2/repository/com/github/ben-manes/caffeine/caffeine/2.8.4/caffeine-2.8.4.jar:/Users/oyo/.m2/repository/com/fasterxml/jackson/core/jackson-core/2.10.4/jackson-core-2.10.4.jar:/Users/oyo/.m2/repository/com/fasterxml/jackson/datatype/jackson-datatype-guava/2.10.4/jackson-datatype-guava-2.10.4.jar:/Users/oyo/.m2/repository/com/fasterxml/jackson/datatype/jackson-datatype-jsr310/2.10.4/jackson-datatype-jsr310-2.10.4.jar:/Users/oyo/.m2/repository/com/fasterxml/jackson/datatype/jackson-datatype-jdk8/2.10.4/jackson-datatype-jdk8-2.10.4.jar:/Users/oyo/.m2/repository/com/fasterxml/jackson/module/jackson-module-parameter-names/2.10.4/jackson-module-parameter-names-2.10.4.jar:/Users/oyo/.m2/repository/com/fasterxml/jackson/module/jackson-module-afterburner/2.10.4/jackson-module-afterburner-2.10.4.jar:/Users/oyo/.m2/repository/com/fasterxml/jackson/datatype/jackson-datatype-joda/2.10.4/jackson-datatype-joda-2.10.4.jar:/Users/oyo/.m2/r
Launcher Type: SUN_STANDARD

Environment Variables:
PATH=/usr/bin:/bin:/usr/sbin:/sbin
SHELL=/bin/bash

Signal Handlers:
SIGSEGV: [libjvm.dylib+0x5b71a7], sa_mask[0]=11111111011111110111111111111111, sa_flags=SA_ONSTACK|SA_RESTART|SA_SIGINFO
SIGBUS: [libjvm.dylib+0x5b71a7], sa_mask[0]=11111111011111110111111111111111, sa_flags=SA_RESTART|SA_SIGINFO
SIGFPE: [libjvm.dylib+0x48c8fc], sa_mask[0]=11111111011111110111111111111111, sa_flags=SA_RESTART|SA_SIGINFO
SIGPIPE: [libjvm.dylib+0x48c8fc], sa_mask[0]=11111111011111110111111111111111, sa_flags=SA_RESTART|SA_SIGINFO
SIGXFSZ: [libjvm.dylib+0x48c8fc], sa_mask[0]=11111111011111110111111111111111, sa_flags=SA_RESTART|SA_SIGINFO
SIGILL: [libjvm.dylib+0x48c8fc], sa_mask[0]=11111111011111110111111111111111, sa_flags=SA_RESTART|SA_SIGINFO
SIGUSR1: SIG_DFL, sa_mask[0]=00000000000000000000000000000000, sa_flags=none
SIGUSR2: [libjvm.dylib+0x48c41a], sa_mask[0]=00100000000000000000000000000000, sa_flags=SA_RESTART|SA_SIGINFO
SIGHUP: [libjvm.dylib+0x48a9a5], sa_mask[0]=11111111011111110111111111111111, sa_flags=SA_RESTART|SA_SIGINFO
SIGINT: [libjvm.dylib+0x48a9a5], sa_mask[0]=11111111011111110111111111111111, sa_flags=SA_RESTART|SA_SIGINFO
SIGTERM: [libjvm.dylib+0x48a9a5], sa_mask[0]=11111111011111110111111111111111, sa_flags=SA_RESTART|SA_SIGINFO
SIGQUIT: [libjvm.dylib+0x48a9a5], sa_mask[0]=11111111011111110111111111111111, sa_flags=SA_RESTART|SA_SIGINFO


---------------  S Y S T E M  ---------------

OS:Bsduname:Darwin 18.7.0 Darwin Kernel Version 18.7.0: Tue Aug 20 16:57:14 PDT 2019; root:xnu-4903.271.2~2/RELEASE_X86_64 x86_64
rlimit: STACK 8192k, CORE 0k, NPROC 709, NOFILE 10240, AS infinity
load average:1.55 1.88 2.00

CPU:total 4 (initial active 4) (2 cores per cpu, 2 threads per core) family 6 model 142 stepping 9, cmov, cx8, fxsr, mmx, sse, sse2, sse3, ssse3, sse4.1, sse4.2, popcnt, avx, avx2, aes, clmul, erms, rtm, 3dnowpref, lzcnt, ht, tsc, tscinvbit, bmi1, bmi2, adx

Memory: 4k page, physical 8388608k(21460k free)

/proc/meminfo:


vm_info: Java HotSpot(TM) 64-Bit Server VM (25.211-b12) for bsd-amd64 JRE (1.8.0_211-b12), built on Apr  1 2019 20:53:18 by "java_re" with gcc 4.2.1 (Based on Apple Inc. build 5658) (LLVM build 2336.11.00)

time: Thu Jun 18 23:29:01 2020
timezone: IST
elapsed time: 165 seconds (0d 0h 2m 45s)

